{"log":
 [{"message":
   ".> LEAN_PATH=././.lake/packages/batteries/.lake/build/lib:././.lake/packages/Qq/.lake/build/lib:././.lake/packages/aesop/.lake/build/lib:././.lake/packages/proofwidgets/.lake/build/lib:././.lake/packages/Cli/.lake/build/lib:././.lake/packages/importGraph/.lake/build/lib:././.lake/packages/LeanSearchClient/.lake/build/lib:././.lake/packages/plausible/.lake/build/lib:././.lake/packages/mathlib/.lake/build/lib:././.lake/build/lib DYLD_LIBRARY_PATH= /Users/jonathanwashburn/.elan/toolchains/leanprover--lean4---v4.13.0/bin/lean -Dpp.unicode.fun=true -Dpp.proofs.withType=false -DautoImplicit=false -DrelaxedAutoImplicit=false -j2 -M 6144 ././././rh/RS/SchurGlobalization.lean -R ./././. -o ././.lake/build/lib/rh/RS/SchurGlobalization.olean -i ././.lake/build/lib/rh/RS/SchurGlobalization.ilean -c ././.lake/build/ir/rh/RS/SchurGlobalization.c --json",
   "level": "trace"},
  {"message":
   "././././rh/RS/SchurGlobalization.lean:75:43: try 'simp' instead of 'simpa'\nnote: this linter can be disabled with `set_option linter.unnecessarySimpa false`",
   "level": "warning"},
  {"message":
   "././././rh/RS/SchurGlobalization.lean:76:39: try 'simp' instead of 'simpa'\nnote: this linter can be disabled with `set_option linter.unnecessarySimpa false`",
   "level": "warning"},
  {"message":
   "././././rh/RS/SchurGlobalization.lean:77:44: try 'simp' instead of 'simpa'\nnote: this linter can be disabled with `set_option linter.unnecessarySimpa false`",
   "level": "warning"},
  {"message":
   "././././rh/RS/SchurGlobalization.lean:78:40: try 'simp' instead of 'simpa'\nnote: this linter can be disabled with `set_option linter.unnecessarySimpa false`",
   "level": "warning"},
  {"message":
   "././././rh/RS/SchurGlobalization.lean:75:64: 'simp' tactic does nothing\nnote: this linter can be disabled with `set_option linter.unusedTactic false`",
   "level": "warning"},
  {"message":
   "././././rh/RS/SchurGlobalization.lean:76:60: 'simp' tactic does nothing\nnote: this linter can be disabled with `set_option linter.unusedTactic false`",
   "level": "warning"},
  {"message":
   "././././rh/RS/SchurGlobalization.lean:77:65: 'simp' tactic does nothing\nnote: this linter can be disabled with `set_option linter.unusedTactic false`",
   "level": "warning"},
  {"message":
   "././././rh/RS/SchurGlobalization.lean:78:61: 'simp' tactic does nothing\nnote: this linter can be disabled with `set_option linter.unusedTactic false`",
   "level": "warning"},
  {"message":
   "././././rh/RS/SchurGlobalization.lean:75:64: this tactic is never executed\nnote: this linter can be disabled with `set_option linter.unreachableTactic false`",
   "level": "warning"},
  {"message":
   "././././rh/RS/SchurGlobalization.lean:76:60: this tactic is never executed\nnote: this linter can be disabled with `set_option linter.unreachableTactic false`",
   "level": "warning"},
  {"message":
   "././././rh/RS/SchurGlobalization.lean:77:65: this tactic is never executed\nnote: this linter can be disabled with `set_option linter.unreachableTactic false`",
   "level": "warning"},
  {"message":
   "././././rh/RS/SchurGlobalization.lean:78:61: this tactic is never executed\nnote: this linter can be disabled with `set_option linter.unreachableTactic false`",
   "level": "warning"},
  {"message":
   "././././rh/RS/SchurGlobalization.lean:155:20: unused variable `hz`\nnote: this linter can be disabled with `set_option linter.unusedVariables false`",
   "level": "warning"},
  {"message":
   "././././rh/RS/SchurGlobalization.lean:156:21: unused variable `hz`\nnote: this linter can be disabled with `set_option linter.unusedVariables false`",
   "level": "warning"},
  {"message":
   "././././rh/RS/SchurGlobalization.lean:193:6: try 'simp' instead of 'simpa'\nnote: this linter can be disabled with `set_option linter.unnecessarySimpa false`",
   "level": "warning"},
  {"message":
   "././././rh/RS/SchurGlobalization.lean:183:17: unused variable `hΘ`\nnote: this linter can be disabled with `set_option linter.unusedVariables false`",
   "level": "warning"},
  {"message":
   "././././rh/RS/SchurGlobalization.lean:217:5: unused variable `hUsub`\nnote: this linter can be disabled with `set_option linter.unusedVariables false`",
   "level": "warning"},
  {"message":
   "././././rh/RS/SchurGlobalization.lean:218:13: unused variable `hρΩ`\nnote: this linter can be disabled with `set_option linter.unusedVariables false`",
   "level": "warning"},
  {"message":
   "././././rh/RS/SchurGlobalization.lean:218:41: unused variable `hρZ`\nnote: this linter can be disabled with `set_option linter.unusedVariables false`",
   "level": "warning"},
  {"message":
   "././././rh/RS/SchurGlobalization.lean:262:30: try 'simp' instead of 'simpa'\nnote: this linter can be disabled with `set_option linter.unnecessarySimpa false`",
   "level": "warning"},
  {"message":
   "././././rh/RS/SchurGlobalization.lean:306:49: unused variable `hz`\nnote: this linter can be disabled with `set_option linter.unusedVariables false`",
   "level": "warning"},
  {"message":
   "././././rh/RS/SchurGlobalization.lean:307:5: unused variable `w`\nnote: this linter can be disabled with `set_option linter.unusedVariables false`",
   "level": "warning"},
  {"message":
   "././././rh/RS/SchurGlobalization.lean:355:4: try 'simp at this' instead of 'simpa using this'\nnote: this linter can be disabled with `set_option linter.unnecessarySimpa false`",
   "level": "warning"},
  {"message":
   "././././rh/RS/SchurGlobalization.lean:417:53: unused variable `data`\nnote: this linter can be disabled with `set_option linter.unusedVariables false`",
   "level": "warning"},
  {"message":
   "././././rh/RS/SchurGlobalization.lean:452:8: try 'simp' instead of 'simpa'\nnote: this linter can be disabled with `set_option linter.unnecessarySimpa false`",
   "level": "warning"},
  {"message":
   "././././rh/RS/SchurGlobalization.lean:468:34: try 'simp at this' instead of 'simpa using this'\nnote: this linter can be disabled with `set_option linter.unnecessarySimpa false`",
   "level": "warning"},
  {"message":
   "././././rh/RS/SchurGlobalization.lean:476:7: unused variable `data`\nnote: this linter can be disabled with `set_option linter.unusedVariables false`",
   "level": "warning"},
  {"message":
   "././././rh/RS/SchurGlobalization.lean:487:44: unused variable `data`\nnote: this linter can be disabled with `set_option linter.unusedVariables false`",
   "level": "warning"},
  {"message":
   "././././rh/RS/SchurGlobalization.lean:525:5: unused variable `data`\nnote: this linter can be disabled with `set_option linter.unusedVariables false`",
   "level": "warning"},
  {"message":
   "././././rh/RS/SchurGlobalization.lean:544:23: unused variable `data`\nnote: this linter can be disabled with `set_option linter.unusedVariables false`",
   "level": "warning"},
  {"message":
   "././././rh/RS/SchurGlobalization.lean:585:8: try 'simp' instead of 'simpa'\nnote: this linter can be disabled with `set_option linter.unnecessarySimpa false`",
   "level": "warning"},
  {"message":
   "././././rh/RS/SchurGlobalization.lean:602:34: try 'simp at this' instead of 'simpa using this'\nnote: this linter can be disabled with `set_option linter.unnecessarySimpa false`",
   "level": "warning"},
  {"message":
   "././././rh/RS/SchurGlobalization.lean:556:5: unused variable `hZsub`\nnote: this linter can be disabled with `set_option linter.unusedVariables false`",
   "level": "warning"},
  {"message":
   "././././rh/RS/SchurGlobalization.lean:557:27: unused variable `hρZ`\nnote: this linter can be disabled with `set_option linter.unusedVariables false`",
   "level": "warning"},
  {"message":
   "././././rh/RS/SchurGlobalization.lean:560:5: unused variable `hΘU`\nnote: this linter can be disabled with `set_option linter.unusedVariables false`",
   "level": "warning"},
  {"message":
   "././././rh/RS/SchurGlobalization.lean:615:48: unused variable `data`\nnote: this linter can be disabled with `set_option linter.unusedVariables false`",
   "level": "warning"},
  {"message":
   "././././rh/RS/SchurGlobalization.lean:625:44: unused variable `data`\nnote: this linter can be disabled with `set_option linter.unusedVariables false`",
   "level": "warning"},
  {"message":
   "././././rh/RS/SchurGlobalization.lean:645:45: unused variable `data`\nnote: this linter can be disabled with `set_option linter.unusedVariables false`",
   "level": "warning"},
  {"message":
   "././././rh/RS/SchurGlobalization.lean:658:50: unused variable `data`\nnote: this linter can be disabled with `set_option linter.unusedVariables false`",
   "level": "warning"},
  {"message":
   "././././rh/RS/SchurGlobalization.lean:684:43: unused variable `data`\nnote: this linter can be disabled with `set_option linter.unusedVariables false`",
   "level": "warning"},
  {"message":
   "././././rh/RS/SchurGlobalization.lean:697:50: unused variable `data`\nnote: this linter can be disabled with `set_option linter.unusedVariables false`",
   "level": "warning"},
  {"message":
   "././././rh/RS/SchurGlobalization.lean:731:6: try 'simp' instead of 'simpa'\nnote: this linter can be disabled with `set_option linter.unnecessarySimpa false`",
   "level": "warning"},
  {"message":
   "././././rh/RS/SchurGlobalization.lean:742:5: unused variable `hΘU`\nnote: this linter can be disabled with `set_option linter.unusedVariables false`",
   "level": "warning"},
  {"message":
   "././././rh/RS/SchurGlobalization.lean:819:8: try 'simp' instead of 'simpa'\nnote: this linter can be disabled with `set_option linter.unnecessarySimpa false`",
   "level": "warning"},
  {"message":
   "././././rh/RS/SchurGlobalization.lean:827:6: try 'simp' instead of 'simpa'\nnote: this linter can be disabled with `set_option linter.unnecessarySimpa false`",
   "level": "warning"}],
 "depHash": "17533909662049121783"}