{"log":
 [{"message":
   ".> LEAN_PATH=././.lake/packages/batteries/.lake/build/lib:././.lake/packages/Qq/.lake/build/lib:././.lake/packages/aesop/.lake/build/lib:././.lake/packages/proofwidgets/.lake/build/lib:././.lake/packages/Cli/.lake/build/lib:././.lake/packages/importGraph/.lake/build/lib:././.lake/packages/LeanSearchClient/.lake/build/lib:././.lake/packages/plausible/.lake/build/lib:././.lake/packages/mathlib/.lake/build/lib:././.lake/build/lib DYLD_LIBRARY_PATH= /Users/jonathanwashburn/.elan/toolchains/leanprover--lean4---v4.13.0/bin/lean -Dpp.unicode.fun=true -Dpp.proofs.withType=false -DautoImplicit=false -DrelaxedAutoImplicit=false -j2 -M 6144 ././././rh/Proof/AxiomsCheck.lean -R ./././. -o ././.lake/build/lib/rh/Proof/AxiomsCheck.olean -i ././.lake/build/lib/rh/Proof/AxiomsCheck.ilean -c ././.lake/build/ir/rh/Proof/AxiomsCheck.c --json",
   "level": "trace"},
  {"message":
   "././././rh/Proof/AxiomsCheck.lean:7:0: 'RH.Proof.Export.RiemannHypothesis_final' depends on axioms: [propext, Classical.choice, Quot.sound]",
   "level": "info"},
  {"message":
   "././././rh/Proof/AxiomsCheck.lean:8:0: 'RH.Proof.Export.RiemannHypothesis_from_certificate_route' depends on axioms: [propext, Classical.choice, Quot.sound]",
   "level": "info"},
  {"message":
   "././././rh/Proof/AxiomsCheck.lean:9:0: 'RH.Proof.Export.RiemannHypothesis_from_certificate_rep_on_via_cov' depends on axioms: [propext,\n Classical.choice,\n Quot.sound]",
   "level": "info"},
  {"message":
   "././././rh/Proof/AxiomsCheck.lean:12:0: 'RH.Proof.Final.RiemannHypothesis_mathlib_from_CR_outer_ext' depends on axioms: [propext, Classical.choice, Quot.sound]",
   "level": "info"},
  {"message":
   "././././rh/Proof/AxiomsCheck.lean:15:0: 'RH.Proof.CRClosure.RH_from_CR_outer_choose' depends on axioms: [propext, Classical.choice, Quot.sound]",
   "level": "info"},
  {"message":
   "././././rh/Proof/AxiomsCheck.lean:16:0: 'RH.Proof.Entry.RiemannHypothesis_from_CR_outer' depends on axioms: [propext, Classical.choice, Quot.sound]",
   "level": "info"}],
 "depHash": "10296217720250398573"}