{"log":
 [{"message":
   ".> LEAN_PATH=././.lake/packages/batteries/.lake/build/lib:././.lake/packages/Qq/.lake/build/lib:././.lake/packages/aesop/.lake/build/lib:././.lake/packages/proofwidgets/.lake/build/lib:././.lake/packages/Cli/.lake/build/lib:././.lake/packages/importGraph/.lake/build/lib:././.lake/packages/LeanSearchClient/.lake/build/lib:././.lake/packages/plausible/.lake/build/lib:././.lake/packages/mathlib/.lake/build/lib:././.lake/build/lib DYLD_LIBRARY_PATH= /Users/jonathanwashburn/.elan/toolchains/leanprover--lean4---v4.13.0/bin/lean -Dpp.unicode.fun=true -Dpp.proofs.withType=false -DautoImplicit=false -DrelaxedAutoImplicit=false -j2 -M 6144 ././././rh/academic_framework/CompletedXi.lean -R ./././. -o ././.lake/build/lib/rh/academic_framework/CompletedXi.olean -i ././.lake/build/lib/rh/academic_framework/CompletedXi.ilean -c ././.lake/build/ir/rh/academic_framework/CompletedXi.c --json",
   "level": "trace"},
  {"message":
   "././././rh/academic_framework/CompletedXi.lean:40:2: try 'simp' instead of 'simpa'\nnote: this linter can be disabled with `set_option linter.unnecessarySimpa false`",
   "level": "warning"},
  {"message":
   "././././rh/academic_framework/CompletedXi.lean:38:7: unused variable `h2`\nnote: this linter can be disabled with `set_option linter.unusedVariables false`",
   "level": "warning"},
  {"message":
   "././././rh/academic_framework/CompletedXi.lean:40:47: 'norm_num' tactic does nothing\nnote: this linter can be disabled with `set_option linter.unusedTactic false`",
   "level": "warning"},
  {"message":
   "././././rh/academic_framework/CompletedXi.lean:40:47: this tactic is never executed\nnote: this linter can be disabled with `set_option linter.unreachableTactic false`",
   "level": "warning"},
  {"message":
   "././././rh/academic_framework/CompletedXi.lean:54:2: try 'simp' instead of 'simpa'\nnote: this linter can be disabled with `set_option linter.unnecessarySimpa false`",
   "level": "warning"},
  {"message":
   "././././rh/academic_framework/CompletedXi.lean:77:29: try 'simp at hReρ_pos' instead of 'simpa using hReρ_pos'\nnote: this linter can be disabled with `set_option linter.unnecessarySimpa false`",
   "level": "warning"},
  {"message":
   "././././rh/academic_framework/CompletedXi.lean:82:40: try 'simp' instead of 'simpa'\nnote: this linter can be disabled with `set_option linter.unnecessarySimpa false`",
   "level": "warning"},
  {"message":
   "././././rh/academic_framework/CompletedXi.lean:83:39: try 'simp' instead of 'simpa'\nnote: this linter can be disabled with `set_option linter.unnecessarySimpa false`",
   "level": "warning"},
  {"message":
   "././././rh/academic_framework/CompletedXi.lean:84:39: try 'simp' instead of 'simpa'\nnote: this linter can be disabled with `set_option linter.unnecessarySimpa false`",
   "level": "warning"}],
 "depHash": "2202426651910884414"}